# JRE version: OpenJDK Runtime Environment (17.0.7) (build 17.0.7+0-b2043.56-10550314)
# Java VM: OpenJDK 64-Bit Server VM (17.0.7+0-b2043.56-10550314, mixed mode, tiered, compressed oops, compressed class ptrs, g1 gc, windows-amd64)
GC Precious Log:
 CPUs: 8 total, 8 available
 Memory: 8029M
 Large Page Support: Disabled
 NUMA Support: Disabled
 Compressed Oops: Enabled (32-bit)
 Heap Region Size: 1M
 Heap Min Capacity: 8M
 Heap Initial Capacity: 126M
 Heap Max Capacity: 2G
 Pre-touch: Disabled
 Parallel Workers: 8
 Concurrent Workers: 2
 Concurrent Refinement Workers: 8
 Periodic GC: Disabled
Heap:
 garbage-first heap   total 109568K, used 61305K [0x0000000080000000, 0x0000000100000000)
  region size 1024K, 4 young (4096K), 4 survivors (4096K)
 Metaspace       used 75170K, committed 75776K, reserved 1179648K
  class space    used 10077K, committed 10368K, reserved 1048576K
GC Heap History (20 events):
Event: 20.685 GC heap after
{Heap after GC invocations=33 (full 0):
 garbage-first heap   total 89088K, used 50265K [0x0000000080000000, 0x0000000100000000)
  region size 1024K, 2 young (2048K), 2 survivors (2048K)
 Metaspace       used 58233K, committed 58752K, reserved 1114112K
  class space    used 7845K, committed 8128K, reserved 1048576K
}
Event: 21.273 GC heap before
{Heap before GC invocations=34 (full 0):
 garbage-first heap   total 89088K, used 66649K [0x0000000080000000, 0x0000000100000000)
  region size 1024K, 19 young (19456K), 2 survivors (2048K)
 Metaspace       used 60279K, committed 60800K, reserved 1114112K
  class space    used 8068K, committed 8320K, reserved 1048576K
}
Event: 21.278 GC heap after
{Heap after GC invocations=35 (full 0):
 garbage-first heap   total 89088K, used 50659K [0x0000000080000000, 0x0000000100000000)
  region size 1024K, 2 young (2048K), 2 survivors (2048K)
 Metaspace       used 60279K, committed 60800K, reserved 1114112K
  class space    used 8068K, committed 8320K, reserved 1048576K
}
Event: 21.359 GC heap before
{Heap before GC invocations=35 (full 0):
 garbage-first heap   total 89088K, used 52707K [0x0000000080000000, 0x0000000100000000)
  region size 1024K, 4 young (4096K), 2 survivors (2048K)
 Metaspace       used 60542K, committed 61056K, reserved 1114112K
  class space    used 8098K, committed 8320K, reserved 1048576K
}
Event: 21.363 GC heap after
{Heap after GC invocations=36 (full 0):
 garbage-first heap   total 89088K, used 50160K [0x0000000080000000, 0x0000000100000000)
  region size 1024K, 1 young (1024K), 1 survivors (1024K)
 Metaspace       used 60542K, committed 61056K, reserved 1114112K
  class space    used 8098K, committed 8320K, reserved 1048576K
}
Event: 22.099 GC heap before
{Heap before GC invocations=36 (full 0):
 garbage-first heap   total 89088K, used 69616K [0x0000000080000000, 0x0000000100000000)
  region size 1024K, 20 young (20480K), 1 survivors (1024K)
 Metaspace       used 63319K, committed 63936K, reserved 1114112K
  class space    used 8503K, committed 8768K, reserved 1048576K
}
Event: 22.105 GC heap after
{Heap after GC invocations=37 (full 0):
 garbage-first heap   total 89088K, used 51108K [0x0000000080000000, 0x0000000100000000)
  region size 1024K, 2 young (2048K), 2 survivors (2048K)
 Metaspace       used 63319K, committed 63936K, reserved 1114112K
  class space    used 8503K, committed 8768K, reserved 1048576K
}
Event: 22.725 GC heap before
{Heap before GC invocations=38 (full 0):
 garbage-first heap   total 91136K, used 61348K [0x0000000080000000, 0x0000000100000000)
  region size 1024K, 13 young (13312K), 2 survivors (2048K)
 Metaspace       used 65148K, committed 65728K, reserved 1114112K
  class space    used 8725K, committed 9024K, reserved 1048576K
}
Event: 22.730 GC heap after
{Heap after GC invocations=39 (full 0):
 garbage-first heap   total 91136K, used 52594K [0x0000000080000000, 0x0000000100000000)
  region size 1024K, 3 young (3072K), 3 survivors (3072K)
 Metaspace       used 65148K, committed 65728K, reserved 1114112K
  class space    used 8725K, committed 9024K, reserved 1048576K
}
Event: 22.937 GC heap before
{Heap before GC invocations=40 (full 0):
 garbage-first heap   total 102400K, used 64882K [0x0000000080000000, 0x0000000100000000)
  region size 1024K, 12 young (12288K), 3 survivors (3072K)
 Metaspace       used 65153K, committed 65728K, reserved 1114112K
  class space    used 8725K, committed 9024K, reserved 1048576K
}
Event: 22.944 GC heap after
{Heap after GC invocations=41 (full 0):
 garbage-first heap   total 102400K, used 58412K [0x0000000080000000, 0x0000000100000000)
  region size 1024K, 3 young (3072K), 3 survivors (3072K)
 Metaspace       used 65153K, committed 65728K, reserved 1114112K
  class space    used 8725K, committed 9024K, reserved 1048576K
}
Event: 23.652 GC heap before
{Heap before GC invocations=42 (full 0):
 garbage-first heap   total 109568K, used 78892K [0x0000000080000000, 0x0000000100000000)
  region size 1024K, 21 young (21504K), 3 survivors (3072K)
 Metaspace       used 66428K, committed 66944K, reserved 1114112K
  class space    used 8896K, committed 9152K, reserved 1048576K
}
Event: 23.657 GC heap after
{Heap after GC invocations=43 (full 0):
 garbage-first heap   total 109568K, used 57145K [0x0000000080000000, 0x0000000100000000)
  region size 1024K, 3 young (3072K), 3 survivors (3072K)
 Metaspace       used 66428K, committed 66944K, reserved 1114112K
  class space    used 8896K, committed 9152K, reserved 1048576K
}
Event: 24.292 GC heap before
{Heap before GC invocations=43 (full 0):
 garbage-first heap   total 109568K, used 80697K [0x0000000080000000, 0x0000000100000000)
  region size 1024K, 26 young (26624K), 3 survivors (3072K)
 Metaspace       used 68163K, committed 68736K, reserved 1114112K
  class space    used 9134K, committed 9408K, reserved 1048576K
}
Event: 24.300 GC heap after
{Heap after GC invocations=44 (full 0):
 garbage-first heap   total 109568K, used 58051K [0x0000000080000000, 0x0000000100000000)
  region size 1024K, 4 young (4096K), 4 survivors (4096K)
 Metaspace       used 68163K, committed 68736K, reserved 1114112K
  class space    used 9134K, committed 9408K, reserved 1048576K
}
Event: 25.429 GC heap before
{Heap before GC invocations=45 (full 0):
 garbage-first heap   total 109568K, used 80579K [0x0000000080000000, 0x0000000100000000)
  region size 1024K, 28 young (28672K), 4 survivors (4096K)
 Metaspace       used 70502K, committed 71040K, reserved 1114112K
  class space    used 9465K, committed 9728K, reserved 1048576K
}
Event: 25.435 GC heap after
{Heap after GC invocations=46 (full 0):
 garbage-first heap   total 109568K, used 58287K [0x0000000080000000, 0x0000000100000000)
  region size 1024K, 3 young (3072K), 3 survivors (3072K)
 Metaspace       used 70502K, committed 71040K, reserved 1114112K
  class space    used 9465K, committed 9728K, reserved 1048576K
}
Event: 26.474 GC heap before
{Heap before GC invocations=46 (full 0):
 garbage-first heap   total 109568K, used 84911K [0x0000000080000000, 0x0000000100000000)
  region size 1024K, 29 young (29696K), 3 survivors (3072K)
 Metaspace       used 73710K, committed 74304K, reserved 1114112K
  class space    used 9883K, committed 10176K, reserved 1048576K
}
Event: 26.481 GC heap after
{Heap after GC invocations=47 (full 0):
 garbage-first heap   total 109568K, used 60141K [0x0000000080000000, 0x0000000100000000)
  region size 1024K, 3 young (3072K), 3 survivors (3072K)
 Metaspace       used 73710K, committed 74304K, reserved 1114112K
  class space    used 9883K, committed 10176K, reserved 1048576K
}
Event: 27.563 GC heap before
{Heap before GC invocations=48 (full 0):
 garbage-first heap   total 109568K, used 86765K [0x0000000080000000, 0x0000000100000000)
  region size 1024K, 29 young (29696K), 3 survivors (3072K)
 Metaspace       used 75170K, committed 75776K, reserved 1179648K
  class space    used 10077K, committed 10368K, reserved 1048576K
}

